[debug] [2019-03-24T18:48:31.141Z] ----------------------------------------------------------------------
[debug] [2019-03-24T18:48:31.144Z] Command:       C:\Program Files\nodejs\node.exe C:\Users\hp\AppData\Roaming\npm\node_modules\firebase-tools\lib\bin\firebase.js init
[debug] [2019-03-24T18:48:31.144Z] CLI Version:   6.4.0
[debug] [2019-03-24T18:48:31.144Z] Platform:      win32
[debug] [2019-03-24T18:48:31.144Z] Node Version:  v10.15.2
[debug] [2019-03-24T18:48:31.146Z] Time:          Mon Mar 25 2019 00:18:31 GMT+0530 (India Standard Time)
[debug] [2019-03-24T18:48:31.146Z] ----------------------------------------------------------------------
[debug] 
[debug] [2019-03-24T18:48:31.163Z] > command requires scopes: ["email","openid","https://www.googleapis.com/auth/cloudplatformprojects.readonly","https://www.googleapis.com/auth/firebase","https://www.googleapis.com/auth/cloud-platform"]
[debug] [2019-03-24T18:48:31.164Z] > authorizing via signed-in user
[info] 
     ######## #### ########  ######## ########     ###     ######  ########
     ##        ##  ##     ## ##       ##     ##  ##   ##  ##       ##
     ######    ##  ########  ######   ########  #########  ######  ######
     ##        ##  ##    ##  ##       ##     ## ##     ##       ## ##
     ##       #### ##     ## ######## ########  ##     ##  ######  ########

You're about to initialize a Firebase project in this directory:

  D:\IWD WEBSITE\iwd-indore

Before we get started, keep in mind:

  * You are initializing in an existing Firebase project directory

